#
# There is insufficient memory for the Java Runtime Environment to continue.
# Native memory allocation (mmap) failed to map 121634816 bytes for Failed to commit area from 0x000000008c600000 to 0x0000000093a00000 of length 121634816.
# Possible reasons:
#   The system is out of physical RAM or swap space
#   The process is running with CompressedOops enabled, and the Java Heap may be blocking the growth of the native heap
# Possible solutions:
#   Reduce memory load on the system
#   Increase physical memory or swap space
#   Check if swap backing store is full
#   Decrease Java heap size (-Xmx/-Xms)
#   Decrease number of Java threads
#   Decrease Java thread stack sizes (-Xss)
#   Set larger code cache with -XX:ReservedCodeCacheSize=
# This output file may be truncated or incomplete.
#
#  Out of Memory Error (src/hotspot/os/windows/os_windows.cpp:3627), pid=23220, tid=8092
#
# JRE version:  (11.0.15) (build )
# Java VM: OpenJDK 64-Bit Server VM (11.0.15+0-b2043.56-9505619, mixed mode, sharing, tiered, compressed oops, g1 gc, windows-amd64)
# No core dump will be written. Minidumps are not enabled by default on client versions of Windows
#

---------------  S U M M A R Y ------------

Command Line: org.jetbrains.kotlin.cli.jvm.K2JVMCompiler @C:\Users\Hyunjae\Documents\capstone-2023-27\HTSS_with_chatbot\app\build\20230316_6138247596007837890.compiler.options

Host: AMD Ryzen 5 4500U with Radeon Graphics         , 6 cores, 7G,  Windows 11 , 64 bit Build 22621 (10.0.22621.1344)
Time: Thu Mar 16 11:38:23 2023  Windows 11 , 64 bit Build 22621 (10.0.22621.1344) elapsed time: 0.237209 seconds (0d 0h 0m 0s)

---------------  T H R E A D  ---------------

Current thread (0x00000243e2570000):  JavaThread "Unknown thread" [_thread_in_vm, id=8092, stack(0x0000008689000000,0x0000008689100000)]

Stack: [0x0000008689000000,0x0000008689100000]
Native frames: (J=compiled Java code, j=interpreted, Vv=VM code, C=native code)
V  [jvm.dll+0x64135a]
V  [jvm.dll+0x7d39f9]
V  [jvm.dll+0x7d51b9]
V  [jvm.dll+0x7d58a3]
V  [jvm.dll+0x2691c5]
V  [jvm.dll+0x63e4e9]
V  [jvm.dll+0x632985]
V  [jvm.dll+0x3231ac]
V  [jvm.dll+0x323032]
V  [jvm.dll+0x327c06]
V  [jvm.dll+0x36ffa2]
V  [jvm.dll+0x36fa01]
V  [jvm.dll+0x2fea28]
V  [jvm.dll+0x2ffb25]
V  [jvm.dll+0x7accd7]
V  [jvm.dll+0x7ae49f]
V  [jvm.dll+0x37d299]
V  [jvm.dll+0x78ef9f]
V  [jvm.dll+0x3ec847]
V  [jvm.dll+0x3eed31]
C  [jli.dll+0x52cb]
C  [ucrtbase.dll+0x29363]
C  [KERNEL32.DLL+0x126bd]
C  [ntdll.dll+0x5a9f8]


---------------  P R O C E S S  ---------------

Threads class SMR info:
_java_thread_list=0x00000243e02d6a00, length=0, elements={
}

Java Threads: ( => current thread )

Other Threads:
  0x00000243e2588000 GCTaskThread "GC Thread#0" [stack: 0x0000008689100000,0x0000008689200000] [id=9412]
  0x00000243e25b4000 ConcurrentGCThread "G1 Main Marker" [stack: 0x0000008689200000,0x0000008689300000] [id=21084]
  0x00000243e25b6000 ConcurrentGCThread "G1 Conc#0" [stack: 0x0000008689300000,0x0000008689400000] [id=18732]

[error occurred during error reporting (printing all threads), id 0xc0000005, EXCEPTION_ACCESS_VIOLATION (0xc0000005) at pc=0x00007ffa2832f3e7]

VM state:not at safepoint (not fully initialized)

VM Mutex/Monitor currently owned by a thread:  ([mutex/lock_event])
[0x00000243e256c820] Heap_lock - owner thread: 0x00000243e2570000

Heap address: 0x000000008c600000, size: 1850 MB, Compressed Oops mode: Non-zero based: 0x000000008c600000
Narrow klass base: 0x0000000000000000, Narrow klass shift: 0

GC Heap History (0 events):
No events

Deoptimization events (0 events):
No events

Classes redefined (0 events):
No events

Internal exceptions (0 events):
No events

Events (1 events):
Event: 0.044 Loaded shared library C:\Program Files\Android\Android Studio\jbr\bin\zip.dll


Dynamic libraries:
0x00007ff63c030000 - 0x00007ff63c03a000 	C:\Program Files\Android\Android Studio\jbr\bin\java.exe
0x00007ffac4890000 - 0x00007ffac4aa4000 	C:\WINDOWS\SYSTEM32\ntdll.dll
0x00007ffac3850000 - 0x00007ffac3913000 	C:\WINDOWS\System32\KERNEL32.DLL
0x00007ffac1fd0000 - 0x00007ffac236c000 	C:\WINDOWS\System32\KERNELBASE.dll
0x00007ffac2580000 - 0x00007ffac2691000 	C:\WINDOWS\System32\ucrtbase.dll
0x00007ffab6a50000 - 0x00007ffab6a67000 	C:\Program Files\Android\Android Studio\jbr\bin\jli.dll
0x00007ffa7b0c0000 - 0x00007ffa7b0db000 	C:\Program Files\Android\Android Studio\jbr\bin\VCRUNTIME140.dll
0x00007ffac26a0000 - 0x00007ffac284d000 	C:\WINDOWS\System32\USER32.dll
0x00007ffac2370000 - 0x00007ffac2396000 	C:\WINDOWS\System32\win32u.dll
0x00007ffac43d0000 - 0x00007ffac43f9000 	C:\WINDOWS\System32\GDI32.dll
0x00007ffac1eb0000 - 0x00007ffac1fc3000 	C:\WINDOWS\System32\gdi32full.dll
0x00007ffac1cd0000 - 0x00007ffac1d6a000 	C:\WINDOWS\System32\msvcp_win.dll
0x00007ffaad860000 - 0x00007ffaadaee000 	C:\WINDOWS\WinSxS\amd64_microsoft.windows.common-controls_6595b64144ccf1df_6.0.22621.608_none_a9444ca7c10bb01d\COMCTL32.dll
0x00007ffac39d0000 - 0x00007ffac3a77000 	C:\WINDOWS\System32\msvcrt.dll
0x00007ffac40b0000 - 0x00007ffac40e1000 	C:\WINDOWS\System32\IMM32.DLL
0x00007ffa84b50000 - 0x00007ffa84b5c000 	C:\Program Files\Android\Android Studio\jbr\bin\vcruntime140_1.dll
0x00007ffa79270000 - 0x00007ffa792fd000 	C:\Program Files\Android\Android Studio\jbr\bin\msvcp140.dll
0x00007ffa28020000 - 0x00007ffa28bdc000 	C:\Program Files\Android\Android Studio\jbr\bin\server\jvm.dll
0x00007ffac4400000 - 0x00007ffac44ae000 	C:\WINDOWS\System32\ADVAPI32.dll
0x00007ffac4510000 - 0x00007ffac45b4000 	C:\WINDOWS\System32\sechost.dll
0x00007ffac2980000 - 0x00007ffac2a95000 	C:\WINDOWS\System32\RPCRT4.dll
0x00007ffac28d0000 - 0x00007ffac28d8000 	C:\WINDOWS\System32\PSAPI.DLL
0x00007ffa9df50000 - 0x00007ffa9df59000 	C:\WINDOWS\SYSTEM32\WSOCK32.dll
0x00007ffac2850000 - 0x00007ffac28c1000 	C:\WINDOWS\System32\WS2_32.dll
0x00007ffabb690000 - 0x00007ffabb6c4000 	C:\WINDOWS\SYSTEM32\WINMM.dll
0x00007ffab9810000 - 0x00007ffab981a000 	C:\WINDOWS\SYSTEM32\VERSION.dll
0x00007ffac0d20000 - 0x00007ffac0d38000 	C:\WINDOWS\SYSTEM32\kernel.appcore.dll
0x00007ffab6c50000 - 0x00007ffab6c60000 	C:\Program Files\Android\Android Studio\jbr\bin\verify.dll
0x00007ffabf920000 - 0x00007ffabfb4e000 	C:\WINDOWS\SYSTEM32\DBGHELP.DLL
0x00007ffac3c20000 - 0x00007ffac3fa9000 	C:\WINDOWS\System32\combase.dll
0x00007ffac4700000 - 0x00007ffac47d7000 	C:\WINDOWS\System32\OLEAUT32.dll
0x00007ffab99e0000 - 0x00007ffab9a12000 	C:\WINDOWS\SYSTEM32\dbgcore.DLL
0x00007ffac1d70000 - 0x00007ffac1deb000 	C:\WINDOWS\System32\bcryptPrimitives.dll
0x00007ffab6930000 - 0x00007ffab6958000 	C:\Program Files\Android\Android Studio\jbr\bin\java.dll
0x00007ffa9ab50000 - 0x00007ffa9ab5a000 	C:\Program Files\Android\Android Studio\jbr\bin\jimage.dll
0x00007ffa91790000 - 0x00007ffa917a8000 	C:\Program Files\Android\Android Studio\jbr\bin\zip.dll

dbghelp: loaded successfully - version: 4.0.5 - missing functions: none
symbol engine: initialized successfully - sym options: 0x614 - pdb path: .;C:\Program Files\Android\Android Studio\jbr\bin;C:\WINDOWS\SYSTEM32;C:\WINDOWS\WinSxS\amd64_microsoft.windows.common-controls_6595b64144ccf1df_6.0.22621.608_none_a9444ca7c10bb01d;C:\Program Files\Android\Android Studio\jbr\bin\server

VM Arguments:
java_command: org.jetbrains.kotlin.cli.jvm.K2JVMCompiler @C:\Users\Hyunjae\Documents\capstone-2023-27\HTSS_with_chatbot\app\build\20230316_6138247596007837890.compiler.options
java_class_path (initial): C:\Users\Hyunjae\.gradle\caches\modules-2\files-2.1\org.jetbrains.kotlin\kotlin-compiler-embeddable\1.7.20\8db18559a581dd2c36ddfd5046af145650f5b126\kotlin-compiler-embeddable-1.7.20.jar;C:\Users\Hyunjae\.gradle\caches\modules-2\files-2.1\org.jetbrains.kotlin\kotlin-reflect\1.7.20\12b2501e33bb6373e8e347c86d85481863629381\kotlin-reflect-1.7.20.jar;C:\Users\Hyunjae\.gradle\caches\modules-2\files-2.1\org.jetbrains.kotlin\kotlin-stdlib\1.7.20\726594ea9ba2beb2ee113647fefa9a10f9fabe52\kotlin-stdlib-1.7.20.jar;C:\Users\Hyunjae\.gradle\caches\modules-2\files-2.1\org.jetbrains.kotlin\kotlin-script-runtime\1.7.20\bcd1cc6f865e632550357fcc59f5ffd532615a8\kotlin-script-runtime-1.7.20.jar;C:\Users\Hyunjae\.gradle\caches\modules-2\files-2.1\org.jetbrains.kotlin\kotlin-daemon-embeddable\1.7.20\1e24355adad8d529d75d5b19eab55484057431ba\kotlin-daemon-embeddable-1.7.20.jar;C:\Users\Hyunjae\.gradle\caches\modules-2\files-2.1\org.jetbrains.intellij.deps\trove4j\1.0.20200330\3afb14d5f9ceb459d724e907a21145e8ff394f02\trove4j-1.0.20200330.jar;C:\Users\Hyunjae\.gradle\caches\modules-2\files-2.1\net.java.dev.jna\jna\5.6.0\330f2244e9030119ab3030fc3fededc86713d9cc\jna-5.6.0.jar;C:\Users\Hyunjae\.gradle\caches\modules-2\files-2.1\org.jetbrains.kotlin\kotlin-stdlib-common\1.7.20\e15351bdaf9fa06f009be5da7a202e4184f00ae3\kotlin-stdlib-common-1.7.20.jar;C:\Users\Hyunjae\.gradle\caches\modules-2\files-2.1\org.jetbrains\annotations\13.0\919f0dfe192fb4e063e7dacadee7f8bb9a2672a9\annotations-13.0.jar
Launcher Type: SUN_STANDARD

[Global flags]
     intx CICompilerCount                          = 3                                         {product} {ergonomic}
     uint ConcGCThreads                            = 2                                         {product} {ergonomic}
     uint G1ConcRefinementThreads                  = 6                                         {product} {ergonomic}
   size_t G1HeapRegionSize                         = 1048576                                   {product} {ergonomic}
    uintx GCDrainStackTargetSize                   = 64                                        {product} {ergonomic}
   size_t InitialHeapSize                          = 121634816                                 {product} {ergonomic}
   size_t MarkStackSize                            = 4194304                                   {product} {ergonomic}
   size_t MaxHeapSize                              = 1939865600                                {product} {ergonomic}
   size_t MinHeapDeltaBytes                        = 1048576                                   {product} {ergonomic}
    uintx NonNMethodCodeHeapSize                   = 5830732                                {pd product} {ergonomic}
    uintx NonProfiledCodeHeapSize                  = 122913754                              {pd product} {ergonomic}
    uintx ProfiledCodeHeapSize                     = 122913754                              {pd product} {ergonomic}
    uintx ReservedCodeCacheSize                    = 251658240                              {pd product} {ergonomic}
     bool SegmentedCodeCache                       = true                                      {product} {ergonomic}
     bool UseCompressedClassPointers               = true                                 {lp64_product} {ergonomic}
     bool UseCompressedOops                        = true                                 {lp64_product} {ergonomic}
     bool UseG1GC                                  = true                                      {product} {ergonomic}
     bool UseLargePagesIndividualAllocation        = false                                  {pd product} {ergonomic}

Logging:
Log output configuration:
 #0: stdout all=warning uptime,level,tags
 #1: stderr all=off uptime,level,tags

Environment Variables:
JAVA_HOME=C:\Program Files\Java\jdk-17\bin\server
PATH=C:\WINDOWS\system32;C:\WINDOWS\System32\Wbem;C:\WINDOWS\System32\WindowsPowerShell\v1.0\;C:\WINDOWS\System32\OpenSSH\;C:\Users\Hyunjae\anaconda3;C:\Users\Hyunjae\anaconda3\Scripts;C:\Program files(x86)\graphviz\bin\dot.exe;C:\Users\Hyunjae\anaconda3\Library\bin;C:\Program Files\Git\cmd;C:\MinGW\bin;C:\Program Files\MySQL\MySQL Server 8.0\bin;C:\Users\Hyunjae\anaconda3\Lib;C:\Python;C:\Python\Scripts;C:\Program Files\Java\jdk-17\bin;C:\TreeTagger\bin;;C:\Program Files\Git LFS;C:\WINDOWS;C:\Program Files\nodejs\;C:\Users\Hyunjae\AppData\Local\ActiveState\StateTool\release\bin;C:\Users\Hyunjae\AppData\Local\activestate\cache\bin;C:\Users\Hyunjae\AppData\Local\Programs\Python\Python36\Scripts\;C:\Users\Hyunjae\AppData\Local\Programs\Python\Python36\;C:\Users\Hyunjae\AppData\Local\Microsoft\WindowsApps;C:\Users\Hyunjae\AppData\Local\Programs\Microsoft VS Code\bin;C:\Program files(x86)\graphviz\bin;C:\Program Files\JetBrains\PyCharm Community Edition 2021.2.1\bin;;C:\Program Files\Java\jdk-17\bin;C:\TreeTagger\bin;C:\Users\Hyunjae\AppData\Roaming\npm
USERNAME=Hyunjae
OS=Windows_NT
PROCESSOR_IDENTIFIER=AMD64 Family 23 Model 96 Stepping 1, AuthenticAMD



---------------  S Y S T E M  ---------------

OS: Windows 11 , 64 bit Build 22621 (10.0.22621.1344)
OS uptime: 0 days 8:51 hours

CPU:total 6 (initial active 6) (6 cores per cpu, 1 threads per core) family 23 model 96 stepping 1 microcode 0x0, cmov, cx8, fxsr, mmx, sse, sse2, sse3, ssse3, sse4.1, sse4.2, popcnt, avx, avx2, aes, clmul, mmxext, 3dnowpref, lzcnt, sse4a, tsc, tscinvbit, tscinv, bmi1, bmi2, adx, sha, fma

Memory: 4k page, system-wide physical 7399M (329M free)
TotalPageFile size 18460M (AvailPageFile size 46M)
current process WorkingSet (physical memory assigned to process): 11M, peak: 11M
current process commit charge ("private bytes"): 56M, peak: 171M

vm_info: OpenJDK 64-Bit Server VM (11.0.15+0-b2043.56-9505619) for windows-amd64 JRE (11.0.15+0-b2043.56-9505619), built on Jan 19 2023 02:48:00 by "builduser" with unknown MS VC++:1929

END.
